This is pdfTeX, Version 3.141592653-2.6-1.40.23 (MiKTeX 21.8) (preloaded format=pdflatex 2021.10.11)  23 AUG 2024 15:14
entering extended mode
**./Report.tex
(Report.tex
LaTeX2e <2021-06-01> patch level 1
L3 programming layer <2021-08-27> (C:\Users\86173\AppData\Local\Programs\MiKTeX\tex/latex/base\article.cls
Document Class: article 2021/02/12 v1.4n Standard LaTeX document class
(C:\Users\86173\AppData\Local\Programs\MiKTeX\tex/latex/base\size10.clo
File: size10.clo 2021/02/12 v1.4n Standard LaTeX file (size option)
)
\c@part=\count182
\c@section=\count183
\c@subsection=\count184
\c@subsubsection=\count185
\c@paragraph=\count186
\c@subparagraph=\count187
\c@figure=\count188
\c@table=\count189
\abovecaptionskip=\skip47
\belowcaptionskip=\skip48
\bibindent=\dimen138
) (C:\Users\86173\AppData\Local\Programs\MiKTeX\tex/latex/preprint\authblk.sty
Package: authblk 2001/02/27 1.3 (PWD)
\affilsep=\skip49
\@affilsep=\skip50
\c@Maxaffil=\count190
\c@authors=\count191
\c@affil=\count192
) (C:\Users\86173\AppData\Local\Programs\MiKTeX\tex/latex/amsfonts\amsfonts.sty
Package: amsfonts 2013/01/14 v3.01 Basic AMSFonts support
\@emptytoks=\toks16
\symAMSa=\mathgroup4
\symAMSb=\mathgroup5
LaTeX Font Info:    Redeclaring math symbol \hbar on input line 98.
LaTeX Font Info:    Overwriting math alphabet `\mathfrak' in version `bold'
(Font)                  U/euf/m/n --> U/euf/b/n on input line 106.
) (C:\Users\86173\AppData\Local\Programs\MiKTeX\tex/latex/amsmath\amsmath.sty
Package: amsmath 2021/04/20 v2.17j AMS math features
\@mathmargin=\skip51

For additional information on amsmath, use the `?' option.
(C:\Users\86173\AppData\Local\Programs\MiKTeX\tex/latex/amsmath\amstext.sty
Package: amstext 2000/06/29 v2.01 AMS text
 (C:\Users\86173\AppData\Local\Programs\MiKTeX\tex/latex/amsmath\amsgen.sty
File: amsgen.sty 1999/11/30 v2.0 generic functions
\@emptytoks=\toks17
\ex@=\dimen139
)) (C:\Users\86173\AppData\Local\Programs\MiKTeX\tex/latex/amsmath\amsbsy.sty
Package: amsbsy 1999/11/29 v1.2d Bold Symbols
\pmbraise@=\dimen140
) (C:\Users\86173\AppData\Local\Programs\MiKTeX\tex/latex/amsmath\amsopn.sty
Package: amsopn 2016/03/08 v2.02 operator names
)
\inf@bad=\count193
LaTeX Info: Redefining \frac on input line 234.
\uproot@=\count194
\leftroot@=\count195
LaTeX Info: Redefining \overline on input line 399.
\classnum@=\count196
\DOTSCASE@=\count197
LaTeX Info: Redefining \ldots on input line 496.
LaTeX Info: Redefining \dots on input line 499.
LaTeX Info: Redefining \cdots on input line 620.
\Mathstrutbox@=\box50
\strutbox@=\box51
\big@size=\dimen141
LaTeX Font Info:    Redeclaring font encoding OML on input line 743.
LaTeX Font Info:    Redeclaring font encoding OMS on input line 744.
\macc@depth=\count198
\c@MaxMatrixCols=\count199
\dotsspace@=\muskip16
\c@parentequation=\count266
\dspbrk@lvl=\count267
\tag@help=\toks18
\row@=\count268
\column@=\count269
\maxfields@=\count270
\andhelp@=\toks19
\eqnshift@=\dimen142
\alignsep@=\dimen143
\tagshift@=\dimen144
\tagwidth@=\dimen145
\totwidth@=\dimen146
\lineht@=\dimen147
\@envbody=\toks20
\multlinegap=\skip52
\multlinetaggap=\skip53
\mathdisplay@stack=\toks21
LaTeX Info: Redefining \[ on input line 2923.
LaTeX Info: Redefining \] on input line 2924.
) (C:\Users\86173\AppData\Local\Programs\MiKTeX\tex/latex/amsfonts\amssymb.sty
Package: amssymb 2013/01/14 v3.01 AMS font symbols
) (C:\Users\86173\AppData\Local\Programs\MiKTeX\tex/latex/amscls\amsthm.sty
Package: amsthm 2020/05/29 v2.20.6
\thm@style=\toks22
\thm@bodyfont=\toks23
\thm@headfont=\toks24
\thm@notefont=\toks25
\thm@headpunct=\toks26
\thm@preskip=\skip54
\thm@postskip=\skip55
\thm@headsep=\skip56
\dth@everypar=\toks27
) (C:\Users\86173\AppData\Local\Programs\MiKTeX\tex/latex/tools\enumerate.sty
Package: enumerate 2015/07/23 v3.00 enumerate extensions (DPC)
\@enLab=\toks28
) (C:\Users\86173\AppData\Local\Programs\MiKTeX\tex/latex/graphics\graphicx.sty
Package: graphicx 2020/12/05 v1.2c Enhanced LaTeX Graphics (DPC,SPQR)
 (C:\Users\86173\AppData\Local\Programs\MiKTeX\tex/latex/graphics\keyval.sty
Package: keyval 2014/10/28 v1.15 key=value parser (DPC)
\KV@toks@=\toks29
) (C:\Users\86173\AppData\Local\Programs\MiKTeX\tex/latex/graphics\graphics.sty
Package: graphics 2021/03/04 v1.4d Standard LaTeX Graphics (DPC,SPQR)
 (C:\Users\86173\AppData\Local\Programs\MiKTeX\tex/latex/graphics\trig.sty
Package: trig 2016/01/03 v1.10 sin cos tan (DPC)
) (C:\Users\86173\AppData\Local\Programs\MiKTeX\tex/latex/graphics-cfg\graphics.cfg
File: graphics.cfg 2016/06/04 v1.11 sample graphics configuration
)
Package graphics Info: Driver file: pdftex.def on input line 107.
 (C:\Users\86173\AppData\Local\Programs\MiKTeX\tex/latex/graphics-def\pdftex.def
File: pdftex.def 2020/10/05 v1.2a Graphics/color driver for pdftex
))
\Gin@req@height=\dimen148
\Gin@req@width=\dimen149
) (C:\Users\86173\AppData\Local\Programs\MiKTeX\tex/latex/tools\multicol.sty
Package: multicol 2019/12/09 v1.8y multicolumn formatting (FMi)
\c@tracingmulticols=\count271
\mult@box=\box52
\multicol@leftmargin=\dimen150
\c@unbalance=\count272
\c@collectmore=\count273
\doublecol@number=\count274
\multicoltolerance=\count275
\multicolpretolerance=\count276
\full@width=\dimen151
\page@free=\dimen152
\premulticols=\dimen153
\postmulticols=\dimen154
\multicolsep=\skip57
\multicolbaselineskip=\skip58
\partial@page=\box53
\last@line=\box54
\maxbalancingoverflow=\dimen155
\mult@rightbox=\box55
\mult@grightbox=\box56
\mult@gfirstbox=\box57
\mult@firstbox=\box58
\@tempa=\box59
\@tempa=\box60
\@tempa=\box61
\@tempa=\box62
\@tempa=\box63
\@tempa=\box64
\@tempa=\box65
\@tempa=\box66
\@tempa=\box67
\@tempa=\box68
\@tempa=\box69
\@tempa=\box70
\@tempa=\box71
\@tempa=\box72
\@tempa=\box73
\@tempa=\box74
\@tempa=\box75
\@tempa=\box76
\@tempa=\box77
\@tempa=\box78
\@tempa=\box79
\@tempa=\box80
\@tempa=\box81
\@tempa=\box82
\@tempa=\box83
\@tempa=\box84
\@tempa=\box85
\@tempa=\box86
\@tempa=\box87
\@tempa=\box88
\@tempa=\box89
\@tempa=\box90
\@tempa=\box91
\@tempa=\box92
\@tempa=\box93
\@tempa=\box94
\@tempa=\box95
\c@minrows=\count277
\c@columnbadness=\count278
\c@finalcolumnbadness=\count279
\last@try=\dimen156
\multicolovershoot=\dimen157
\multicolundershoot=\dimen158
\mult@nat@firstbox=\box96
\colbreak@box=\box97
\mc@col@check@num=\count280
) (C:\Users\86173\AppData\Local\Programs\MiKTeX\tex/latex/fancyhdr\fancyhdr.sty
Package: fancyhdr 2021/01/28 v4.0.1 Extensive control of page headers and footers
\f@nch@headwidth=\skip59
\f@nch@O@elh=\skip60
\f@nch@O@erh=\skip61
\f@nch@O@olh=\skip62
\f@nch@O@orh=\skip63
\f@nch@O@elf=\skip64
\f@nch@O@erf=\skip65
\f@nch@O@olf=\skip66
\f@nch@O@orf=\skip67
) (C:\Users\86173\AppData\Local\Programs\MiKTeX\tex/latex/tools\layout.sty
Package: layout 2021-03-10 v1.2e Show layout parameters
\oneinch=\count281
\cnt@paperwidth=\count282
\cnt@paperheight=\count283
\cnt@hoffset=\count284
\cnt@voffset=\count285
\cnt@textheight=\count286
\cnt@textwidth=\count287
\cnt@topmargin=\count288
\cnt@oddsidemargin=\count289
\cnt@evensidemargin=\count290
\cnt@headheight=\count291
\cnt@headsep=\count292
\cnt@marginparsep=\count293
\cnt@marginparwidth=\count294
\cnt@marginparpush=\count295
\cnt@footskip=\count296
\fheight=\count297
\ref@top=\count298
\ref@hoffset=\count299
\ref@voffset=\count300
\ref@head=\count301
\ref@body=\count302
\ref@foot=\count303
\ref@margin=\count304
\ref@marginwidth=\count305
\ref@marginpar=\count306
\Interval=\count307
\ExtraYPos=\count308
\PositionX=\count309
\PositionY=\count310
\ArrowLength=\count311
) (C:\Users\86173\AppData\Local\Programs\MiKTeX\tex/latex/float\float.sty
Package: float 2001/11/08 v1.3d Float enhancements (AL)
\c@float@type=\count312
\float@exts=\toks30
\float@box=\box98
\@float@everytoks=\toks31
\@floatcapt=\box99
) (C:\Users\86173\AppData\Local\Programs\MiKTeX\tex/latex/caption\subcaption.sty
Package: subcaption 2020/10/07 v1.3j Sub-captions (AR)
 (C:\Users\86173\AppData\Local\Programs\MiKTeX\tex/latex/caption\caption.sty
Package: caption 2020/10/26 v3.5g Customizing captions (AR)
 (C:\Users\86173\AppData\Local\Programs\MiKTeX\tex/latex/caption\caption3.sty
Package: caption3 2020/10/21 v2.2e caption3 kernel (AR)
\captionmargin=\dimen159
\captionmargin@=\dimen160
\captionwidth=\dimen161
\caption@tempdima=\dimen162
\caption@indent=\dimen163
\caption@parindent=\dimen164
\caption@hangindent=\dimen165
Package caption Info: Standard document class detected.
)
\c@caption@flags=\count313
\c@continuedfloat=\count314
Package caption Info: float package is loaded.
)
\c@subfigure=\count315
\c@subtable=\count316
)
\c@Definition=\count317
\c@Example=\count318
\c@Thm=\count319
\c@Lem=\count320
\c@cor=\count321
 (C:\Users\86173\AppData\Local\Programs\MiKTeX\tex/latex/l3backend\l3backend-pdftex.def
File: l3backend-pdftex.def 2021-08-04 L3 backend support: PDF output (pdfTeX)
\l__color_backend_stack_int=\count322
\l__pdf_internal_box=\box100
) (Report.aux

LaTeX Warning: Label `fig:initial' multiply defined.


LaTeX Warning: Label `sub@fig:initial' multiply defined.


LaTeX Warning: Label `fig:BurgersT0.5' multiply defined.


LaTeX Warning: Label `sub@fig:BurgersT0.5' multiply defined.


LaTeX Warning: Label `fig:BurgersT1' multiply defined.


LaTeX Warning: Label `sub@fig:BurgersT1' multiply defined.


LaTeX Warning: Label `fig:BurgersT1.5' multiply defined.


LaTeX Warning: Label `sub@fig:BurgersT1.5' multiply defined.


LaTeX Warning: Label `fig:main' multiply defined.

)
\openout1 = `Report.aux'.

LaTeX Font Info:    Checking defaults for OML/cmm/m/it on input line 36.
LaTeX Font Info:    ... okay on input line 36.
LaTeX Font Info:    Checking defaults for OMS/cmsy/m/n on input line 36.
LaTeX Font Info:    ... okay on input line 36.
LaTeX Font Info:    Checking defaults for OT1/cmr/m/n on input line 36.
LaTeX Font Info:    ... okay on input line 36.
LaTeX Font Info:    Checking defaults for T1/cmr/m/n on input line 36.
LaTeX Font Info:    ... okay on input line 36.
LaTeX Font Info:    Checking defaults for TS1/cmr/m/n on input line 36.
LaTeX Font Info:    ... okay on input line 36.
LaTeX Font Info:    Checking defaults for OMX/cmex/m/n on input line 36.
LaTeX Font Info:    ... okay on input line 36.
LaTeX Font Info:    Checking defaults for U/cmr/m/n on input line 36.
LaTeX Font Info:    ... okay on input line 36.
 (C:\Users\86173\AppData\Local\Programs\MiKTeX\tex/context/base/mkii\supp-pdf.mkii
[Loading MPS to PDF converter (version 2006.09.02).]
\scratchcounter=\count323
\scratchdimen=\dimen166
\scratchbox=\box101
\nofMPsegments=\count324
\nofMParguments=\count325
\everyMPshowfont=\toks32
\MPscratchCnt=\count326
\MPscratchDim=\dimen167
\MPnumerator=\count327
\makeMPintoPDFobject=\count328
\everyMPtoPDFconversion=\toks33
) (C:\Users\86173\AppData\Local\Programs\MiKTeX\tex/latex/epstopdf-pkg\epstopdf-base.sty
Package: epstopdf-base 2020-01-24 v2.11 Base part for package epstopdf
Package epstopdf-base Info: Redefining graphics rule for `.eps' on input line 485.
 (C:\Users\86173\AppData\Local\Programs\MiKTeX\tex/latex/00miktex\epstopdf-sys.cfg
File: epstopdf-sys.cfg 2021/03/18 v2.0 Configuration of epstopdf for MiKTeX
))
Package caption Info: Begin \AtBeginDocument code.
Package caption Info: End \AtBeginDocument code.
LaTeX Font Info:    Trying to load font information for U+msa on input line 40.
 (C:\Users\86173\AppData\Local\Programs\MiKTeX\tex/latex/amsfonts\umsa.fd
File: umsa.fd 2013/01/14 v3.01 AMS symbols A
)
LaTeX Font Info:    Trying to load font information for U+msb on input line 40.
 (C:\Users\86173\AppData\Local\Programs\MiKTeX\tex/latex/amsfonts\umsb.fd
File: umsb.fd 2013/01/14 v3.01 AMS symbols B
) [1

{C:/Users/86173/AppData/Local/MiKTeX/pdftex/config/pdftex.map}]
Package epstopdf Info: Source file: <figure/Charline.eps>
(epstopdf)                    date: 2024-08-22 20:00:31
(epstopdf)                    size: 18283 bytes
(epstopdf)             Output file: <figure/Charline-eps-converted-to.pdf>
(epstopdf)                    date: 2024-08-22 20:00:36
(epstopdf)                    size: 5593 bytes
(epstopdf)             Command: <miktex-epstopdf --outfile=figure/Charline-eps-converted-to.pdf figure/Charline.eps>
(epstopdf)             \includegraphics on input line 115.
Package epstopdf Info: Output file is already uptodate.


pdfTeX warning: pdflatex (file ./figure/Charline-eps-converted-to.pdf): PDF inclusion: found PDF version <1.7>, but at most version <1.5> allowed
<figure/Charline-eps-converted-to.pdf, id=18, 348.30125pt x 277.035pt>
File: figure/Charline-eps-converted-to.pdf Graphic file (type pdf)
<use figure/Charline-eps-converted-to.pdf>
Package pdftex.def Info: figure/Charline-eps-converted-to.pdf  used on input line 115.
(pdftex.def)             Requested size: 345.01595pt x 170.71579pt.
[2 <./figure/Charline-eps-converted-to.pdf>] [3]
Overfull \hbox (40.30634pt too wide) in paragraph at lines 203--209
[][] 
 []

Package epstopdf Info: Source file: <figure/Burgers(1).eps>
(epstopdf)                    date: 2024-08-23 15:11:00
(epstopdf)                    size: 52672 bytes
(epstopdf)             Output file: <figure/Burgers(1)-eps-converted-to.pdf>
(epstopdf)                    date: 2024-08-23 15:14:49
(epstopdf)                    size: 19269 bytes
(epstopdf)             Command: <miktex-epstopdf --outfile=figure/Burgers(1)-eps-converted-to.pdf figure/Burgers(1).eps>
(epstopdf)             \includegraphics on input line 226.
Package epstopdf Info: Output file is already uptodate.


pdfTeX warning: pdflatex (file ./figure/Burgers(1)-eps-converted-to.pdf): PDF inclusion: found PDF version <1.7>, but at most version <1.5> allowed
<figure/Burgers(1)-eps-converted-to.pdf, id=32, 351.3125pt x 277.035pt>
File: figure/Burgers(1)-eps-converted-to.pdf Graphic file (type pdf)
<use figure/Burgers(1)-eps-converted-to.pdf>
Package pdftex.def Info: figure/Burgers(1)-eps-converted-to.pdf  used on input line 226.
(pdftex.def)             Requested size: 155.2534pt x 71.13123pt.
Package epstopdf Info: Source file: <figure/Burgers(2).eps>
(epstopdf)                    date: 2024-08-23 14:28:17
(epstopdf)                    size: 52618 bytes
(epstopdf)             Output file: <figure/Burgers(2)-eps-converted-to.pdf>
(epstopdf)                    date: 2024-08-23 14:29:41
(epstopdf)                    size: 20199 bytes
(epstopdf)             Command: <miktex-epstopdf --outfile=figure/Burgers(2)-eps-converted-to.pdf figure/Burgers(2).eps>
(epstopdf)             \includegraphics on input line 233.
Package epstopdf Info: Output file is already uptodate.


pdfTeX warning: pdflatex (file ./figure/Burgers(2)-eps-converted-to.pdf): PDF inclusion: found PDF version <1.7>, but at most version <1.5> allowed
<figure/Burgers(2)-eps-converted-to.pdf, id=33, 351.3125pt x 277.035pt>
File: figure/Burgers(2)-eps-converted-to.pdf Graphic file (type pdf)
<use figure/Burgers(2)-eps-converted-to.pdf>
Package pdftex.def Info: figure/Burgers(2)-eps-converted-to.pdf  used on input line 233.
(pdftex.def)             Requested size: 155.2534pt x 71.13123pt.
Package epstopdf Info: Source file: <figure/Burgers(3).eps>
(epstopdf)                    date: 2024-08-23 14:28:51
(epstopdf)                    size: 52639 bytes
(epstopdf)             Output file: <figure/Burgers(3)-eps-converted-to.pdf>
(epstopdf)                    date: 2024-08-23 14:29:43
(epstopdf)                    size: 20084 bytes
(epstopdf)             Command: <miktex-epstopdf --outfile=figure/Burgers(3)-eps-converted-to.pdf figure/Burgers(3).eps>
(epstopdf)             \includegraphics on input line 240.
Package epstopdf Info: Output file is already uptodate.


pdfTeX warning: pdflatex (file ./figure/Burgers(3)-eps-converted-to.pdf): PDF inclusion: found PDF version <1.7>, but at most version <1.5> allowed
<figure/Burgers(3)-eps-converted-to.pdf, id=34, 351.3125pt x 277.035pt>
File: figure/Burgers(3)-eps-converted-to.pdf Graphic file (type pdf)
<use figure/Burgers(3)-eps-converted-to.pdf>
Package pdftex.def Info: figure/Burgers(3)-eps-converted-to.pdf  used on input line 240.
(pdftex.def)             Requested size: 155.2534pt x 71.13123pt.
Package epstopdf Info: Source file: <figure/Burgers(4).eps>
(epstopdf)                    date: 2024-08-23 14:29:26
(epstopdf)                    size: 54087 bytes
(epstopdf)             Output file: <figure/Burgers(4)-eps-converted-to.pdf>
(epstopdf)                    date: 2024-08-23 14:29:44
(epstopdf)                    size: 19910 bytes
(epstopdf)             Command: <miktex-epstopdf --outfile=figure/Burgers(4)-eps-converted-to.pdf figure/Burgers(4).eps>
(epstopdf)             \includegraphics on input line 247.
Package epstopdf Info: Output file is already uptodate.


pdfTeX warning: pdflatex (file ./figure/Burgers(4)-eps-converted-to.pdf): PDF inclusion: found PDF version <1.7>, but at most version <1.5> allowed
<figure/Burgers(4)-eps-converted-to.pdf, id=35, 351.3125pt x 277.035pt>
File: figure/Burgers(4)-eps-converted-to.pdf Graphic file (type pdf)
<use figure/Burgers(4)-eps-converted-to.pdf>
Package pdftex.def Info: figure/Burgers(4)-eps-converted-to.pdf  used on input line 247.
(pdftex.def)             Requested size: 155.2534pt x 71.13123pt.
Package epstopdf Info: Source file: <figure/AdjBurgers(1).eps>
(epstopdf)                    date: 2024-08-23 15:11:15
(epstopdf)                    size: 52691 bytes
(epstopdf)             Output file: <figure/AdjBurgers(1)-eps-converted-to.pdf>
(epstopdf)                    date: 2024-08-23 15:14:51
(epstopdf)                    size: 19281 bytes
(epstopdf)             Command: <miktex-epstopdf --outfile=figure/AdjBurgers(1)-eps-converted-to.pdf figure/AdjBurgers(1).eps>
(epstopdf)             \includegraphics on input line 264.
Package epstopdf Info: Output file is already uptodate.


pdfTeX warning: pdflatex (file ./figure/AdjBurgers(1)-eps-converted-to.pdf): PDF inclusion: found PDF version <1.7>, but at most version <1.5> allowed
<figure/AdjBurgers(1)-eps-converted-to.pdf, id=36, 351.3125pt x 277.035pt>
File: figure/AdjBurgers(1)-eps-converted-to.pdf Graphic file (type pdf)
<use figure/AdjBurgers(1)-eps-converted-to.pdf>
Package pdftex.def Info: figure/AdjBurgers(1)-eps-converted-to.pdf  used on input line 264.
(pdftex.def)             Requested size: 155.2534pt x 71.13123pt.
Package epstopdf Info: Source file: <figure/AdjBurgers(2).eps>
(epstopdf)                    date: 2024-08-23 15:12:36
(epstopdf)                    size: 52623 bytes
(epstopdf)             Output file: <figure/AdjBurgers(2)-eps-converted-to.pdf>
(epstopdf)                    date: 2024-08-23 15:14:52
(epstopdf)                    size: 20201 bytes
(epstopdf)             Command: <miktex-epstopdf --outfile=figure/AdjBurgers(2)-eps-converted-to.pdf figure/AdjBurgers(2).eps>
(epstopdf)             \includegraphics on input line 271.
Package epstopdf Info: Output file is already uptodate.


pdfTeX warning: pdflatex (file ./figure/AdjBurgers(2)-eps-converted-to.pdf): PDF inclusion: found PDF version <1.7>, but at most version <1.5> allowed
<figure/AdjBurgers(2)-eps-converted-to.pdf, id=37, 351.3125pt x 277.035pt>
File: figure/AdjBurgers(2)-eps-converted-to.pdf Graphic file (type pdf)
<use figure/AdjBurgers(2)-eps-converted-to.pdf>
Package pdftex.def Info: figure/AdjBurgers(2)-eps-converted-to.pdf  used on input line 271.
(pdftex.def)             Requested size: 155.2534pt x 71.13123pt.
Package epstopdf Info: Source file: <figure/AdjBurgers(3).eps>
(epstopdf)                    date: 2024-08-23 15:13:55
(epstopdf)                    size: 52642 bytes
(epstopdf)             Output file: <figure/AdjBurgers(3)-eps-converted-to.pdf>
(epstopdf)                    date: 2024-08-23 15:14:54
(epstopdf)                    size: 20090 bytes
(epstopdf)             Command: <miktex-epstopdf --outfile=figure/AdjBurgers(3)-eps-converted-to.pdf figure/AdjBurgers(3).eps>
(epstopdf)             \includegraphics on input line 278.
Package epstopdf Info: Output file is already uptodate.


pdfTeX warning: pdflatex (file ./figure/AdjBurgers(3)-eps-converted-to.pdf): PDF inclusion: found PDF version <1.7>, but at most version <1.5> allowed
<figure/AdjBurgers(3)-eps-converted-to.pdf, id=38, 351.3125pt x 277.035pt>
File: figure/AdjBurgers(3)-eps-converted-to.pdf Graphic file (type pdf)
<use figure/AdjBurgers(3)-eps-converted-to.pdf>
Package pdftex.def Info: figure/AdjBurgers(3)-eps-converted-to.pdf  used on input line 278.
(pdftex.def)             Requested size: 155.2534pt x 71.13123pt.
Package epstopdf Info: Source file: <figure/AdjBurgers(4).eps>
(epstopdf)                    date: 2024-08-23 15:14:30
(epstopdf)                    size: 53828 bytes
(epstopdf)             Output file: <figure/AdjBurgers(4)-eps-converted-to.pdf>
(epstopdf)                    date: 2024-08-23 15:14:55
(epstopdf)                    size: 20004 bytes
(epstopdf)             Command: <miktex-epstopdf --outfile=figure/AdjBurgers(4)-eps-converted-to.pdf figure/AdjBurgers(4).eps>
(epstopdf)             \includegraphics on input line 285.
Package epstopdf Info: Output file is already uptodate.


pdfTeX warning: pdflatex (file ./figure/AdjBurgers(4)-eps-converted-to.pdf): PDF inclusion: found PDF version <1.7>, but at most version <1.5> allowed
<figure/AdjBurgers(4)-eps-converted-to.pdf, id=39, 351.3125pt x 277.035pt>
File: figure/AdjBurgers(4)-eps-converted-to.pdf Graphic file (type pdf)
<use figure/AdjBurgers(4)-eps-converted-to.pdf>
Package pdftex.def Info: figure/AdjBurgers(4)-eps-converted-to.pdf  used on input line 285.
(pdftex.def)             Requested size: 155.2534pt x 71.13123pt.
[4 <./figure/Burgers(1)-eps-converted-to.pdf> <./figure/Burgers(2)-eps-converted-to.pdf> <./figure/Burgers(3)-eps-converted-to.pdf> <./figure/Burgers(4)-eps-converted-to.pdf>] [5 <./figure/AdjBurgers(1)-eps-converted-to.pdf> <./figure/AdjBurgers(2)-eps-converted-to.pdf> <./figure/AdjBurgers(3)-eps-converted-to.pdf> <./figure/AdjBurgers(4)-eps-converted-to.pdf>] (Report.aux)

LaTeX Warning: There were multiply-defined labels.

 ) 
Here is how much of TeX's memory you used:
 4424 strings out of 478927
 69462 string characters out of 2852534
 376629 words of memory out of 3000000
 22238 multiletter control sequences out of 15000+600000
 410383 words of font info for 54 fonts, out of 8000000 for 9000
 1141 hyphenation exceptions out of 8191
 67i,11n,77p,325b,523s stack positions out of 5000i,500n,10000p,200000b,80000s
 <C:\Users\86173\AppData\Local\MiKTeX\fonts/pk/ljfour/jknappen/ec/dpi600\tcrm1000.pk><C:/Users/86173/AppData/Local/Programs/MiKTeX/fonts/type1/public/amsfonts/cm/cmbx10.pfb><C:/Users/86173/AppData/Local/Programs/MiKTeX/fonts/type1/public/amsfonts/cm/cmbx12.pfb><C:/Users/86173/AppData/Local/Programs/MiKTeX/fonts/type1/public/amsfonts/cm/cmex10.pfb><C:/Users/86173/AppData/Local/Programs/MiKTeX/fonts/type1/public/amsfonts/cm/cmmi10.pfb><C:/Users/86173/AppData/Local/Programs/MiKTeX/fonts/type1/public/amsfonts/cm/cmmi5.pfb><C:/Users/86173/AppData/Local/Programs/MiKTeX/fonts/type1/public/amsfonts/cm/cmmi7.pfb><C:/Users/86173/AppData/Local/Programs/MiKTeX/fonts/type1/public/amsfonts/cm/cmmi9.pfb><C:/Users/86173/AppData/Local/Programs/MiKTeX/fonts/type1/public/amsfonts/cm/cmr10.pfb><C:/Users/86173/AppData/Local/Programs/MiKTeX/fonts/type1/public/amsfonts/cm/cmr12.pfb><C:/Users/86173/AppData/Local/Programs/MiKTeX/fonts/type1/public/amsfonts/cm/cmr17.pfb><C:/Users/86173/AppData/Local/Programs/MiKTeX/fonts/type1/public/amsfonts/cm/cmr5.pfb><C:/Users/86173/AppData/Local/Programs/MiKTeX/fonts/type1/public/amsfonts/cm/cmr7.pfb><C:/Users/86173/AppData/Local/Programs/MiKTeX/fonts/type1/public/amsfonts/cm/cmr9.pfb><C:/Users/86173/AppData/Local/Programs/MiKTeX/fonts/type1/public/amsfonts/cm/cmsy10.pfb><C:/Users/86173/AppData/Local/Programs/MiKTeX/fonts/type1/public/amsfonts/cm/cmsy5.pfb><C:/Users/86173/AppData/Local/Programs/MiKTeX/fonts/type1/public/amsfonts/cm/cmsy7.pfb>
Output written on Report.pdf (5 pages, 359426 bytes).
PDF statistics:
 157 PDF objects out of 1000 (max. 8388607)
 0 named destinations out of 1000 (max. 500000)
 46 words of extra memory for PDF output out of 10000 (max. 10000000)

